# JRE version: Java(TM) SE Runtime Environment (8.0_40-b19) (build 1.8.0_40-ea-b19)
# Java VM: Java HotSpot(TM) 64-Bit Server VM (25.40-b23 mixed mode bsd-amd64 compressed oops)
Heap:
 PSYoungGen      total 111616K, used 110522K [0x0000000795580000, 0x000000079df00000, 0x00000007c0000000)
  eden space 99328K, 99% used [0x0000000795580000,0x000000079b5cea40,0x000000079b680000)
  from space 12288K, 96% used [0x000000079cd00000,0x000000079d8a0000,0x000000079d900000)
  to   space 6144K, 0% used [0x000000079d900000,0x000000079d900000,0x000000079df00000)
 ParOldGen       total 87552K, used 37583K [0x0000000740000000, 0x0000000745580000, 0x0000000795580000)
  object space 87552K, 42% used [0x0000000740000000,0x00000007424b3d80,0x0000000745580000)
 Metaspace       used 7544K, capacity 7789K, committed 8064K, reserved 1056768K
  class space    used 729K, capacity 837K, committed 896K, reserved 1048576K
GC Heap History (10 events):
Event: 8.083 GC heap before
{Heap before GC invocations=5 (full 0):
 PSYoungGen      total 71680K, used 71664K [0x0000000795580000, 0x000000079e180000, 0x00000007c0000000)
  eden space 66560K, 100% used [0x0000000795580000,0x0000000799680000,0x0000000799680000)
  from space 5120K, 99% used [0x000000079dc80000,0x000000079e17c170,0x000000079e180000)
  to   space 5120K, 0% used [0x0000000799680000,0x0000000799680000,0x0000000799b80000)
 ParOldGen       total 87552K, used 25110K [0x0000000740000000, 0x0000000745580000, 0x0000000795580000)
  object space 87552K, 28% used [0x0000000740000000,0x0000000741885bd8,0x0000000745580000)
 Metaspace       used 7469K, capacity 7693K, committed 7808K, reserved 1056768K
  class space    used 723K, capacity 805K, committed 896K, reserved 1048576K
Event: 8.098 GC heap after
Heap after GC invocations=5 (full 0):
 PSYoungGen      total 69632K, used 5104K [0x0000000795580000, 0x000000079dd00000, 0x00000007c0000000)
  eden space 64512K, 0% used [0x0000000795580000,0x0000000795580000,0x0000000799480000)
  from space 5120K, 99% used [0x0000000799680000,0x0000000799b7c170,0x0000000799b80000)
  to   space 14848K, 0% used [0x000000079ce80000,0x000000079ce80000,0x000000079dd00000)
 ParOldGen       total 87552K, used 32374K [0x0000000740000000, 0x0000000745580000, 0x0000000795580000)
  object space 87552K, 36% used [0x0000000740000000,0x0000000741f9dbd8,0x0000000745580000)
 Metaspace       used 7469K, capacity 7693K, committed 7808K, reserved 1056768K
  class space    used 723K, capacity 805K, committed 896K, reserved 1048576K
}
Event: 10.041 GC heap before
{Heap before GC invocations=6 (full 0):
 PSYoungGen      total 69632K, used 69616K [0x0000000795580000, 0x000000079dd00000, 0x00000007c0000000)
  eden space 64512K, 100% used [0x0000000795580000,0x0000000799480000,0x0000000799480000)
  from space 5120K, 99% used [0x0000000799680000,0x0000000799b7c170,0x0000000799b80000)
  to   space 14848K, 0% used [0x000000079ce80000,0x000000079ce80000,0x000000079dd00000)
 ParOldGen       total 87552K, used 32374K [0x0000000740000000, 0x0000000745580000, 0x0000000795580000)
  object space 87552K, 36% used [0x0000000740000000,0x0000000741f9dbd8,0x0000000745580000)
 Metaspace       used 7501K, capacity 7757K, committed 8064K, reserved 1056768K
  class space    used 724K, capacity 805K, committed 896K, reserved 1048576K
Event: 10.066 GC heap after
Heap after GC invocations=6 (full 0):
 PSYoungGen      total 74752K, used 12224K [0x0000000795580000, 0x000000079da80000, 0x00000007c0000000)
  eden space 62464K, 0% used [0x0000000795580000,0x0000000795580000,0x0000000799280000)
  from space 12288K, 99% used [0x000000079ce80000,0x000000079da70180,0x000000079da80000)
  to   space 14848K, 0% used [0x000000079bd80000,0x000000079bd80000,0x000000079cc00000)
 ParOldGen       total 87552K, used 32382K [0x0000000740000000, 0x0000000745580000, 0x0000000795580000)
  object space 87552K, 36% used [0x0000000740000000,0x0000000741f9fbd8,0x0000000745580000)
 Metaspace       used 7501K, capacity 7757K, committed 8064K, reserved 1056768K
  class space    used 724K, capacity 805K, committed 896K, reserved 1048576K
}
Event: 12.152 GC heap before
{Heap before GC invocations=7 (full 0):
 PSYoungGen      total 74752K, used 74688K [0x0000000795580000, 0x000000079da80000, 0x00000007c0000000)
  eden space 62464K, 100% used [0x0000000795580000,0x0000000799280000,0x0000000799280000)
  from space 12288K, 99% used [0x000000079ce80000,0x000000079da70180,0x000000079da80000)
  to   space 14848K, 0% used [0x000000079bd80000,0x000000079bd80000,0x000000079cc00000)
 ParOldGen       total 87552K, used 32382K [0x0000000740000000, 0x0000000745580000, 0x0000000795580000)
  object space 87552K, 36% used [0x0000000740000000,0x0000000741f9fbd8,0x0000000745580000)
 Metaspace       used 7505K, capacity 7757K, committed 8064K, reserved 1056768K
  class space    used 724K, capacity 805K, committed 896K, reserved 1048576K
Event: 12.177 GC heap after
Heap after GC invocations=7 (full 0):
 PSYoungGen      total 121344K, used 7904K [0x0000000795580000, 0x000000079ed80000, 0x00000007c0000000)
  eden space 106496K, 0% used [0x0000000795580000,0x0000000795580000,0x000000079bd80000)
  from space 14848K, 53% used [0x000000079bd80000,0x000000079c538000,0x000000079cc00000)
  to   space 15360K, 0% used [0x000000079de80000,0x000000079de80000,0x000000079ed80000)
 ParOldGen       total 87552K, used 37119K [0x0000000740000000, 0x0000000745580000, 0x0000000795580000)
  object space 87552K, 42% used [0x0000000740000000,0x000000074243fd80,0x0000000745580000)
 Metaspace       used 7505K, capacity 7757K, committed 8064K, reserved 1056768K
  class space    used 724K, capacity 805K, committed 896K, reserved 1048576K
}
Event: 15.606 GC heap before
{Heap before GC invocations=8 (full 0):
 PSYoungGen      total 121344K, used 114400K [0x0000000795580000, 0x000000079ed80000, 0x00000007c0000000)
  eden space 106496K, 100% used [0x0000000795580000,0x000000079bd80000,0x000000079bd80000)
  from space 14848K, 53% used [0x000000079bd80000,0x000000079c538000,0x000000079cc00000)
  to   space 15360K, 0% used [0x000000079de80000,0x000000079de80000,0x000000079ed80000)
 ParOldGen       total 87552K, used 37119K [0x0000000740000000, 0x0000000745580000, 0x0000000795580000)
  object space 87552K, 42% used [0x0000000740000000,0x000000074243fd80,0x0000000745580000)
 Metaspace       used 7538K, capacity 7789K, committed 8064K, reserved 1056768K
  class space    used 728K, capacity 837K, committed 896K, reserved 1048576K
Event: 15.636 GC heap after
Heap after GC invocations=8 (full 0):
 PSYoungGen      total 115712K, used 12416K [0x0000000795580000, 0x000000079eb00000, 0x00000007c0000000)
  eden space 102912K, 0% used [0x0000000795580000,0x0000000795580000,0x000000079ba00000)
  from space 12800K, 97% used [0x000000079de80000,0x000000079eaa0000,0x000000079eb00000)
  to   space 15360K, 0% used [0x000000079cd00000,0x000000079cd00000,0x000000079dc00000)
 ParOldGen       total 87552K, used 37407K [0x0000000740000000, 0x0000000745580000, 0x0000000795580000)
  object space 87552K, 42% used [0x0000000740000000,0x0000000742487d80,0x0000000745580000)
 Metaspace       used 7538K, capacity 7789K, committed 8064K, reserved 1056768K
  class space    used 728K, capacity 837K, committed 896K, reserved 1048576K
}
Event: 18.941 GC heap before
{Heap before GC invocations=9 (full 0):
 PSYoungGen      total 115712K, used 115328K [0x0000000795580000, 0x000000079eb00000, 0x00000007c0000000)
  eden space 102912K, 100% used [0x0000000795580000,0x000000079ba00000,0x000000079ba00000)
  from space 12800K, 97% used [0x000000079de80000,0x000000079eaa0000,0x000000079eb00000)
  to   space 15360K, 0% used [0x000000079cd00000,0x000000079cd00000,0x000000079dc00000)
 ParOldGen       total 87552K, used 37407K [0x0000000740000000, 0x0000000745580000, 0x0000000795580000)
  object space 87552K, 42% used [0x0000000740000000,0x0000000742487d80,0x0000000745580000)
 Metaspace       used 7538K, capacity 7789K, committed 8064K, reserved 1056768K
  class space    used 728K, capacity 837K, committed 896K, reserved 1048576K
Event: 18.969 GC heap after
Heap after GC invocations=9 (full 0):
 PSYoungGen      total 111616K, used 11904K [0x0000000795580000, 0x000000079df00000, 0x00000007c0000000)
  eden space 99328K, 0% used [0x0000000795580000,0x0000000795580000,0x000000079b680000)
  from space 12288K, 96% used [0x000000079cd00000,0x000000079d8a0000,0x000000079d900000)
  to   space 6144K, 0% used [0x000000079d900000,0x000000079d900000,0x000000079df00000)
 ParOldGen       total 87552K, used 37583K [0x0000000740000000, 0x0000000745580000, 0x0000000795580000)
  object space 87552K, 42% used [0x0000000740000000,0x00000007424b3d80,0x0000000745580000)
 Metaspace       used 7538K, capacity 7789K, committed 8064K, reserved 1056768K
  class space    used 728K, capacity 837K, committed 896K, reserved 1048576K
}

